Initializing from file model.xml
Applied 0 patches to update MorpheusML version to internal v5!
Time/RandomSeed not specified, using arbitray seed (based on time).
Intitalize Thread 4 with seed 3014496491
Intitalize Thread Intitalize Thread 3 with seed 1362259583
Intitalize Thread 1 with seed 660710050
Intitalize Thread 0 with seed 1766062399
2 with seed 20148449
Registering Symbol time of linktype TimeLink in Scope root
Time/RandomSeed not specified, using arbitray seed (based on time).
Intitalize Thread 4 with seed 3014496491
Intitalize Thread Intitalize Thread 2 with seed 20148449
Intitalize Thread 3 with seed 1362259583
Intitalize Thread 1 with seed 660710050
0 with seed 1766062399
Registering Symbol space of linktype LocationLink in Scope root
Registering Symbol space.x of linktype VectorComponentLink in Scope root
Registering Symbol space.y of linktype VectorComponentLink in Scope root
Registering Symbol space.z of linktype VectorComponentLink in Scope root
Registering Symbol space.phi of linktype VectorComponentLink in Scope root
Registering Symbol space.theta of linktype VectorComponentLink in Scope root
Registering Symbol space.abs of linktype VectorComponentLink in Scope root
Creating lattice
getXMLAttribute: seeking for Lattice->class: linear
getXMLAttribute: seeking for Size->value: 0.0, 0.0, 0.0
getXMLAttribute: seeking for Size->symbol: size
Registering Symbol size of linktype PrimitiveConstant in Scope root
Registering Symbol size.x of linktype VectorComponentLink in Scope root
Registering Symbol size.y of linktype VectorComponentLink in Scope root
Registering Symbol size.z of linktype VectorComponentLink in Scope root
Registering Symbol size.phi of linktype VectorComponentLink in Scope root
Registering Symbol size.theta of linktype VectorComponentLink in Scope root
Registering Symbol size.abs of linktype VectorComponentLink in Scope root
Looking for neighborhood optimal
