Initializing from file model.xml
AutoFix: Moved 3 element(s)  matching /MorpheusModel/Global/System/DiffEqn/Expression to /MorpheusModel/Global/System/DiffEqn/Reaction
AutoFix: Moved 1 element(s)  matching /MorpheusModel/Global/Field[(@symbol)]/Diffusion[@rate!=~0(?:\.0+)?]/@rate to /MorpheusModel/Global/System/DiffEqn[@symbol-ref=%1]/Diffusion/@text
AutoFix: Moved 2 element(s)  matching /MorpheusModel/Global/Field[(@symbol)]/Diffusion to 
Applied 6 patches to update MorpheusML version to internal v5!
Time/RandomSeed not specified, using arbitray seed (based on time).
Intitalize Thread 0 with seed 1765973064
Intitalize Thread 4 with seed Intitalize Thread 3 with seed 2621611868
1397504430
Intitalize Thread 2 with seed 3729938915Intitalize Thread 
1 with seed 1708624100
Registering Symbol time of linktype TimeLink in Scope root
Intitalize Thread 4 with seed Intitalize Thread 3211272418
0 with seed 5
Intitalize Thread 3 with seed Intitalize Thread 1091320936
2 with seed 2109815904
Intitalize Thread 1 with seed 2760220342
Registering Symbol space of linktype LocationLink in Scope root
Registering Symbol space.x of linktype VectorComponentLink in Scope root
Registering Symbol space.y of linktype VectorComponentLink in Scope root
Registering Symbol space.z of linktype VectorComponentLink in Scope root
Registering Symbol space.phi of linktype VectorComponentLink in Scope root
Registering Symbol space.theta of linktype VectorComponentLink in Scope root
Registering Symbol space.abs of linktype VectorComponentLink in Scope root
Creating lattice
getXMLAttribute: seeking for Lattice->class: square
getXMLAttribute: seeking for Size->value: 200.0, 200.0, 1.0
getXMLAttribute: seeking for Size->symbol: size
Loading [8] Global Plugins
getXMLAttribute: seeking for Field->symbol: u
Registering Symbol u of linktype FieldLink in Scope root
getXMLAttribute: seeking for Field->symbol: v
Registering Symbol v of linktype FieldLink in Scope root
Creating subscope System in scope root
getXMLAttribute: seeking for System->solver: Dormand-Prince [adaptive, O(5)]
getXMLAttribute: seeking for System->solver-eps .. not found
getXMLAttribute: seeking for DiffEqn->symbol-ref: u
getXMLAttribute: seeking for Reaction->text: -k_on*u*m+k_off*v-decay*u
getXMLAttribute: seeking for Advection->text .. not found
getXMLAttribute: seeking for Diffusion->text: 5.0
getXMLAttribute: seeking for Diffusion->well-mixed .. not found
getXMLAttribute: seeking for DiffEqn->symbol-ref: v
getXMLAttribute: seeking for Reaction->text: k_on * u  * m - k_off * v
getXMLAttribute: seeking for Advection->text .. not found
getXMLAttribute: seeking for Diffusion->text .. not found
getXMLAttribute: seeking for Diffusion->well-mixed .. not found
getXMLAttribute: seeking for Constant->name .. not found
getXMLAttribute: seeking for Constant->symbol: k_off
getXMLAttribute: seeking for Constant->value: 0.1 
getXMLAttribute: seeking for Constant->notation .. not found
Registering Symbol k_off of linktype ConstantLink in Scope root
getXMLAttribute: seeking for Constant->name .. not found
getXMLAttribute: seeking for Constant->symbol: decay
getXMLAttribute: seeking for Constant->value: 0.05
getXMLAttribute: seeking for Constant->notation .. not found
Registering Symbol decay of linktype ConstantLink in Scope root
getXMLAttribute: seeking for Constant->name .. not found
getXMLAttribute: seeking for Constant->symbol: k_on
getXMLAttribute: seeking for Constant->value: 1.0
getXMLAttribute: seeking for Constant->notation .. not found
Registering Symbol k_on of linktype ConstantLink in Scope root
getXMLAttribute: seeking for Field->symbol: m
Registering Symbol m of linktype FieldLink in Scope root
Creating subscope System in scope root
getXMLAttribute: seeking for System->solver: Dormand-Prince [adaptive, O(5)]
getXMLAttribute: seeking for System->solver-eps .. not found
getXMLAttribute: seeking for DiffEqn->symbol-ref: v
getXMLAttribute: seeking for Reaction->text: ((dist(l, center) < 20) ? 0.5 : 0) - (0.005 * v)
getXMLAttribute: seeking for Advection->text .. not found
getXMLAttribute: seeking for Diffusion->text .. not found
getXMLAttribute: seeking for Diffusion->well-mixed .. not found
Creating subscope CellType[Endothelial] in scope root
Registering Symbol cell.type of linktype PrimitiveConstant in Scope CellType[Endothelial]
Registering Symbol cell.type of linktype CompositeLink in Scope root
Registering Symbol cell.id of linktype CellIDLink in Scope CellType[Endothelial]
Registering Symbol cell.id of linktype CompositeLink in Scope root
Registering Symbol cell.center of linktype CellCenterLink in Scope CellType[Endothelial]
Registering Symbol cell.center of linktype CompositeLink in Scope root
Registering Symbol cell.center.x of linktype VectorComponentLink in Scope root
Registering Symbol cell.center.y of linktype VectorComponentLink in Scope root
Registering Symbol cell.center.z of linktype VectorComponentLink in Scope root
Registering Symbol cell.center.phi of linktype VectorComponentLink in Scope root
Registering Symbol cell.center.theta of linktype VectorComponentLink in Scope root
Registering Symbol cell.center.abs of linktype VectorComponentLink in Scope root
Registering Symbol cell.center.x of linktype VectorComponentLink in Scope CellType[Endothelial]
Registering Symbol cell.center.y of linktype VectorComponentLink in Scope CellType[Endothelial]
Registering Symbol cell.center.z of linktype VectorComponentLink in Scope CellType[Endothelial]
Registering Symbol cell.center.phi of linktype VectorComponentLink in Scope CellType[Endothelial]
Registering Symbol cell.center.theta of linktype VectorComponentLink in Scope CellType[Endothelial]
Registering Symbol cell.center.abs of linktype VectorComponentLink in Scope CellType[Endothelial]
Registering Symbol cell.volume of linktype CellVolumeLink in Scope CellType[Endothelial]
Registering Symbol cell.volume of linktype CompositeLink in Scope root
Registering Symbol cell.length of linktype CellLengthLink in Scope CellType[Endothelial]
Registering Symbol cell.length of linktype CompositeLink in Scope root
Registering Symbol cell.surface of linktype CellInterfaceLengthLink in Scope CellType[Endothelial]
Registering Symbol cell.surface of linktype CompositeLink in Scope root
Registering Symbol cell.orientation of linktype CellOrientationLink in Scope CellType[Endothelial]
Registering Symbol cell.orientation of linktype CompositeLink in Scope root
Registering Symbol cell.orientation.x of linktype VectorComponentLink in Scope root
Registering Symbol cell.orientation.y of linktype VectorComponentLink in Scope root
Registering Symbol cell.orientation.z of linktype VectorComponentLink in Scope root
Registering Symbol cell.orientation.phi of linktype VectorComponentLink in Scope root
Registering Symbol cell.orientation.theta of linktype VectorComponentLink in Scope root
Registering Symbol cell.orientation.abs of linktype VectorComponentLink in Scope root
Registering Symbol cell.orientation.x of linktype VectorComponentLink in Scope CellType[Endothelial]
Registering Symbol cell.orientation.y of linktype VectorComponentLink in Scope CellType[Endothelial]
Registering Symbol cell.orientation.z of linktype VectorComponentLink in Scope CellType[Endothelial]
Registering Symbol cell.orientation.phi of linktype VectorComponentLink in Scope CellType[Endothelial]
Registering Symbol cell.orientation.theta of linktype VectorComponentLink in Scope CellType[Endothelial]
Registering Symbol cell.orientation.abs of linktype VectorComponentLink in Scope CellType[Endothelial]
Registering Symbol celltype.Endothelial.id of linktype PrimitiveConstant in Scope root
Registering Symbol celltype.Endothelial.size of linktype CellPopulationSizeLink in Scope root
getXMLAttribute: seeking for VolumeConstraint->target: 50
getXMLAttribute: seeking for VolumeConstraint->strength: 20
getXMLAttribute: seeking for LengthConstraint->mode: length
getXMLAttribute: seeking for LengthConstraint->target: 30
getXMLAttribute: seeking for LengthConstraint->strength: 10
getXMLAttribute: seeking for Chemotaxis->field: v
getXMLAttribute: seeking for Chemotaxis->strength: 500
getXMLAttribute: seeking for Chemotaxis->saturation .. not found
getXMLAttribute: seeking for Chemotaxis->retraction .. not found
getXMLAttribute: seeking for Chemotaxis->contact-inhibition .. not found
CellTypes defined: 'Endothelial' 
Creating subscope CellType[Medium] in scope root
Registering Symbol cell.type of linktype PrimitiveConstant in Scope CellType[Medium]
Registering Symbol cell.id of linktype CellIDLink in Scope CellType[Medium]
Registering Symbol cell.center of linktype CellCenterLink in Scope CellType[Medium]
Registering Symbol cell.center.x of linktype VectorComponentLink in Scope CellType[Medium]
Registering Symbol cell.center.y of linktype VectorComponentLink in Scope CellType[Medium]
Registering Symbol cell.center.z of linktype VectorComponentLink in Scope CellType[Medium]
Registering Symbol cell.center.phi of linktype VectorComponentLink in Scope CellType[Medium]
Registering Symbol cell.center.theta of linktype VectorComponentLink in Scope CellType[Medium]
Registering Symbol cell.center.abs of linktype VectorComponentLink in Scope CellType[Medium]
Registering Symbol cell.volume of linktype CellVolumeLink in Scope CellType[Medium]
Registering Symbol size of linktype PrimitiveConstant in Scope root
Registering Symbol size.x of linktype VectorComponentLink in Scope root
Registering Symbol size.y of linktype VectorComponentLink in Scope root
Registering Symbol size.z of linktype VectorComponentLink in Scope root
Registering Symbol size.phi of linktype VectorComponentLink in Scope root
Registering Symbol size.theta of linktype VectorComponentLink in Scope root
Registering Symbol size.abs of linktype VectorComponentLink in Scope root
Looking for neighborhood optimal
Setting boundary neighborhood to order 1
Looking for neighborhood optimal
Assigning Shape Neighborhood of size 2.23607 -> 20 neighbors.
Setting boundary neighborhood to order 4
Creating cell layer of size 1.13281 MB
with initial state set to CellType 'Medium'
Initializing celltype 'Endothelial'
Scope: Creating Accessor for symbol 'v' from Scope root
Plugin Chemotaxis: Registered input symbol dependencies v [root] ,
Cells 0 requested 1
