Initializing from file model.xml
AutoFix: Moved 2 element(s)  matching /MorpheusModel/Global/System/DiffEqn/Expression to /MorpheusModel/Global/System/DiffEqn/Reaction
AutoFix: Moved 1 element(s)  matching /MorpheusModel/Global/Field[(@symbol)]/Diffusion[@rate!=~0(?:\.0+)?]/@rate to /MorpheusModel/Global/System/DiffEqn[@symbol-ref=%1]/Diffusion/@text
AutoFix: Moved 1 element(s)  matching /MorpheusModel/Global/Field[(@symbol)]/Diffusion to 
Applied 4 patches to update MorpheusML version to internal v5!
Time/RandomSeed not specified, using arbitray seed (based on time).
Intitalize Thread 4 with seed 834358968
Intitalize Thread Intitalize Thread 3 with seed 0 with seed 1766405348
2295489678
Intitalize Thread 1 with seed 2700341138
Intitalize Thread 2 with seed 143782595
Registering Symbol time of linktype TimeLink in Scope root
Time/RandomSeed not specified, using arbitray seed (based on time).
Intitalize Thread 4 with seed 834358968
Intitalize Thread 0 with seed Intitalize Thread 3 with seed 2295489678
1766405348
Intitalize Thread 2 with seed 143782595
Intitalize Thread 1 with seed 2700341138
Registering Symbol space of linktype LocationLink in Scope root
Registering Symbol space.x of linktype VectorComponentLink in Scope root
Registering Symbol space.y of linktype VectorComponentLink in Scope root
Registering Symbol space.z of linktype VectorComponentLink in Scope root
Registering Symbol space.phi of linktype VectorComponentLink in Scope root
Registering Symbol space.theta of linktype VectorComponentLink in Scope root
Registering Symbol space.abs of linktype VectorComponentLink in Scope root
Creating lattice
getXMLAttribute: seeking for Lattice->class: square
getXMLAttribute: seeking for Size->value: 400, 400, 0
getXMLAttribute: seeking for Size->symbol: size
Loading [25] Global Plugins
getXMLAttribute: seeking for Constant->name: Temperature
getXMLAttribute: seeking for Constant->symbol: T
getXMLAttribute: seeking for Constant->value: 10.0
getXMLAttribute: seeking for Constant->notation .. not found
Registering Symbol T of linktype ConstantLink in Scope root
getXMLAttribute: seeking for Constant->name: Volume constraint
getXMLAttribute: seeking for Constant->symbol: lambda_volume_elongated
getXMLAttribute: seeking for Constant->value: 6.0
getXMLAttribute: seeking for Constant->notation .. not found
Registering Symbol lambda_volume_elongated of linktype ConstantLink in Scope root
getXMLAttribute: seeking for Constant->name: Surface constraint
getXMLAttribute: seeking for Constant->symbol: lambda_surface_elongated
getXMLAttribute: seeking for Constant->value: 3.0
getXMLAttribute: seeking for Constant->notation .. not found
Registering Symbol lambda_surface_elongated of linktype ConstantLink in Scope root
getXMLAttribute: seeking for Constant->name: VEGF proliferation threshold
getXMLAttribute: seeking for Constant->symbol: vegf_threshold
getXMLAttribute: seeking for Constant->value: 0.5
getXMLAttribute: seeking for Constant->notation .. not found
Registering Symbol vegf_threshold of linktype ConstantLink in Scope root
getXMLAttribute: seeking for Constant->name: Anti-space reduction rate
getXMLAttribute: seeking for Constant->symbol: antispace_reduction
getXMLAttribute: seeking for Constant->value: 0.001
getXMLAttribute: seeking for Constant->notation .. not found
Registering Symbol antispace_reduction of linktype ConstantLink in Scope root
getXMLAttribute: seeking for Constant->name .. not found
getXMLAttribute: seeking for Constant->symbol: J_rr
getXMLAttribute: seeking for Constant->value: 6.0
getXMLAttribute: seeking for Constant->notation .. not found
Registering Symbol J_rr of linktype ConstantLink in Scope root
getXMLAttribute: seeking for Constant->name .. not found
getXMLAttribute: seeking for Constant->symbol: J_er
getXMLAttribute: seeking for Constant->value: 5.0
getXMLAttribute: seeking for Constant->notation .. not found
Registering Symbol J_er of linktype ConstantLink in Scope root
getXMLAttribute: seeking for Constant->name .. not found
getXMLAttribute: seeking for Constant->symbol: J_em
getXMLAttribute: seeking for Constant->value: 5.0
getXMLAttribute: seeking for Constant->notation .. not found
Registering Symbol J_em of linktype ConstantLink in Scope root
getXMLAttribute: seeking for Constant->name .. not found
getXMLAttribute: seeking for Constant->symbol: J_rm
getXMLAttribute: seeking for Constant->value: 5.0
getXMLAttribute: seeking for Constant->notation .. not found
Registering Symbol J_rm of linktype ConstantLink in Scope root
getXMLAttribute: seeking for Field->symbol: vegf
Registering Symbol vegf of linktype FieldLink in Scope root
getXMLAttribute: seeking for Constant->name: Chemotaxis strength (elongated)
getXMLAttribute: seeking for Constant->symbol: lambda_chemo_base
getXMLAttribute: seeking for Constant->value: 1500.0
getXMLAttribute: seeking for Constant->notation .. not found
Registering Symbol lambda_chemo_base of linktype ConstantLink in Scope root
getXMLAttribute: seeking for Constant->name: Chemotaxis strength (round)
getXMLAttribute: seeking for Constant->symbol: lambda_chemo_round
getXMLAttribute: seeking for Constant->value: 100.0
getXMLAttribute: seeking for Constant->notation .. not found
Registering Symbol lambda_chemo_round of linktype ConstantLink in Scope root
getXMLAttribute: seeking for Variable->name .. not found
getXMLAttribute: seeking for Variable->symbol: antispace
getXMLAttribute: seeking for Variable->value: 1.0
getXMLAttribute: seeking for Variable->notation .. not found
Registering Symbol antispace of linktype VariableLink in Scope root
getXMLAttribute: seeking for Variable->name: Effective temperature
getXMLAttribute: seeking for Variable->symbol: T_eff
getXMLAttribute: seeking for Variable->value: T * antispace
getXMLAttribute: seeking for Variable->notation .. not found
Registering Symbol T_eff of linktype VariableLink in Scope root
getXMLAttribute: seeking for System->time-step: 1.0
Creating subscope System in scope root
getXMLAttribute: seeking for System->solver: Runge-Kutta [fixed, O(4)]
getXMLAttribute: seeking for System->solver-eps .. not found
getXMLAttribute: seeking for DiffEqn->symbol-ref: antispace
getXMLAttribute: seeking for Reaction->text: -antispace_reduction * antispace
getXMLAttribute: seeking for Advection->text .. not found
getXMLAttribute: seeking for Diffusion->text .. not found
getXMLAttribute: seeking for Diffusion->well-mixed .. not found
getXMLAttribute: seeking for Constant->name .. not found
getXMLAttribute: seeking for Constant->symbol: vegf_diff
getXMLAttribute: seeking for Constant->value: 10.0
getXMLAttribute: seeking for Constant->notation .. not found
Registering Symbol vegf_diff of linktype ConstantLink in Scope root
getXMLAttribute: seeking for Constant->name .. not found
getXMLAttribute: seeking for Constant->symbol: vegf_decay
getXMLAttribute: seeking for Constant->value: 0.005
getXMLAttribute: seeking for Constant->notation .. not found
Registering Symbol vegf_decay of linktype ConstantLink in Scope root
getXMLAttribute: seeking for Constant->name .. not found
getXMLAttribute: seeking for Constant->symbol: lambda_surface_round
getXMLAttribute: seeking for Constant->value: 1.0
getXMLAttribute: seeking for Constant->notation .. not found
Registering Symbol lambda_surface_round of linktype ConstantLink in Scope root
getXMLAttribute: seeking for Constant->name .. not found
getXMLAttribute: seeking for Constant->symbol: lambda_volume_round
getXMLAttribute: seeking for Constant->value: 15.0
getXMLAttribute: seeking for Constant->notation .. not found
Registering Symbol lambda_volume_round of linktype ConstantLink in Scope root
Creating subscope System in scope root
getXMLAttribute: seeking for System->solver: Dormand-Prince [adaptive, O(5)]
getXMLAttribute: seeking for System->solver-eps .. not found
getXMLAttribute: seeking for DiffEqn->symbol-ref: vegf
getXMLAttribute: seeking for Reaction->text: -vegf_decay * vegf + 0.02 * ( ((space.x-200)^2 + (space.y-200)^2) < 2500 )
getXMLAttribute: seeking for Advection->text .. not found
getXMLAttribute: seeking for Diffusion->text: vegf_diff
getXMLAttribute: seeking for Diffusion->well-mixed .. not found
getXMLAttribute: seeking for Constant->name: Elongated-Elongated adhesion
getXMLAttribute: seeking for Constant->symbol: J_ee_base
getXMLAttribute: seeking for Constant->value: 5.0
getXMLAttribute: seeking for Constant->notation .. not found
Registering Symbol J_ee_base of linktype ConstantLink in Scope root
getXMLAttribute: seeking for Constant->name .. not found
getXMLAttribute: seeking for Constant->symbol: J_ee_penalty
getXMLAttribute: seeking for Constant->value: 20.0
getXMLAttribute: seeking for Constant->notation .. not found
Registering Symbol J_ee_penalty of linktype ConstantLink in Scope root
Creating subscope Function in scope root
getXMLAttribute: seeking for Function->symbol: J_ee_spatial
getXMLAttribute: seeking for Expression->text: J_ee_base + J_ee_penalty * (1.0 - min(1.0, vegf/4.0))
Registering Symbol J_ee_spatial of linktype FunctionLink in Scope root
Creating subscope Function in scope root
getXMLAttribute: seeking for Function->symbol: lambda_chemo_elongated
getXMLAttribute: seeking for Expression->text: lambda_chemo_base * antispace * (1.0 / (1.0 + 0.5 * cell.contact_neighbor_length))
Registering Symbol lambda_chemo_elongated of linktype FunctionLink in Scope root
getXMLAttribute: seeking for Constant->name .. not found
getXMLAttribute: seeking for Constant->symbol: elongated_id
getXMLAttribute: seeking for Constant->value: 1.0
getXMLAttribute: seeking for Constant->notation .. not found
Registering Symbol elongated_id of linktype ConstantLink in Scope root
Creating subscope CellType[ElongatedCell] in scope root
Registering Symbol cell.type of linktype PrimitiveConstant in Scope CellType[ElongatedCell]
Registering Symbol cell.type of linktype CompositeLink in Scope root
Registering Symbol cell.id of linktype CellIDLink in Scope CellType[ElongatedCell]
Registering Symbol cell.id of linktype CompositeLink in Scope root
Registering Symbol cell.center of linktype CellCenterLink in Scope CellType[ElongatedCell]
Registering Symbol cell.center of linktype CompositeLink in Scope root
Registering Symbol cell.center.x of linktype VectorComponentLink in Scope root
Registering Symbol cell.center.y of linktype VectorComponentLink in Scope root
Registering Symbol cell.center.z of linktype VectorComponentLink in Scope root
Registering Symbol cell.center.phi of linktype VectorComponentLink in Scope root
Registering Symbol cell.center.theta of linktype VectorComponentLink in Scope root
Registering Symbol cell.center.abs of linktype VectorComponentLink in Scope root
Registering Symbol cell.center.x of linktype VectorComponentLink in Scope CellType[ElongatedCell]
Registering Symbol cell.center.y of linktype VectorComponentLink in Scope CellType[ElongatedCell]
Registering Symbol cell.center.z of linktype VectorComponentLink in Scope CellType[ElongatedCell]
Registering Symbol cell.center.phi of linktype VectorComponentLink in Scope CellType[ElongatedCell]
Registering Symbol cell.center.theta of linktype VectorComponentLink in Scope CellType[ElongatedCell]
Registering Symbol cell.center.abs of linktype VectorComponentLink in Scope CellType[ElongatedCell]
Registering Symbol cell.volume of linktype CellVolumeLink in Scope CellType[ElongatedCell]
Registering Symbol cell.volume of linktype CompositeLink in Scope root
Registering Symbol cell.length of linktype CellLengthLink in Scope CellType[ElongatedCell]
Registering Symbol cell.length of linktype CompositeLink in Scope root
Registering Symbol cell.surface of linktype CellInterfaceLengthLink in Scope CellType[ElongatedCell]
Registering Symbol cell.surface of linktype CompositeLink in Scope root
Registering Symbol cell.orientation of linktype CellOrientationLink in Scope CellType[ElongatedCell]
Registering Symbol cell.orientation of linktype CompositeLink in Scope root
Registering Symbol cell.orientation.x of linktype VectorComponentLink in Scope root
Registering Symbol cell.orientation.y of linktype VectorComponentLink in Scope root
Registering Symbol cell.orientation.z of linktype VectorComponentLink in Scope root
Registering Symbol cell.orientation.phi of linktype VectorComponentLink in Scope root
Registering Symbol cell.orientation.theta of linktype VectorComponentLink in Scope root
Registering Symbol cell.orientation.abs of linktype VectorComponentLink in Scope root
Registering Symbol cell.orientation.x of linktype VectorComponentLink in Scope CellType[ElongatedCell]
Registering Symbol cell.orientation.y of linktype VectorComponentLink in Scope CellType[ElongatedCell]
Registering Symbol cell.orientation.z of linktype VectorComponentLink in Scope CellType[ElongatedCell]
Registering Symbol cell.orientation.phi of linktype VectorComponentLink in Scope CellType[ElongatedCell]
Registering Symbol cell.orientation.theta of linktype VectorComponentLink in Scope CellType[ElongatedCell]
Registering Symbol cell.orientation.abs of linktype VectorComponentLink in Scope CellType[ElongatedCell]
Registering Symbol celltype.ElongatedCell.id of linktype PrimitiveConstant in Scope root
Registering Symbol celltype.ElongatedCell.size of linktype CellPopulationSizeLink in Scope root
Creating subscope CellType[RoundCell] in scope root
Registering Symbol cell.type of linktype PrimitiveConstant in Scope CellType[RoundCell]
Registering Symbol cell.id of linktype CellIDLink in Scope CellType[RoundCell]
Registering Symbol cell.center of linktype CellCenterLink in Scope CellType[RoundCell]
Registering Symbol cell.center.x of linktype VectorComponentLink in Scope CellType[RoundCell]
Registering Symbol cell.center.y of linktype VectorComponentLink in Scope CellType[RoundCell]
Registering Symbol cell.center.z of linktype VectorComponentLink in Scope CellType[RoundCell]
Registering Symbol cell.center.phi of linktype VectorComponentLink in Scope CellType[RoundCell]
Registering Symbol cell.center.theta of linktype VectorComponentLink in Scope CellType[RoundCell]
Registering Symbol cell.center.abs of linktype VectorComponentLink in Scope CellType[RoundCell]
Registering Symbol cell.volume of linktype CellVolumeLink in Scope CellType[RoundCell]
Registering Symbol cell.length of linktype CellLengthLink in Scope CellType[RoundCell]
Registering Symbol cell.surface of linktype CellInterfaceLengthLink in Scope CellType[RoundCell]
Registering Symbol cell.orientation of linktype CellOrientationLink in Scope CellType[RoundCell]
Registering Symbol cell.orientation.x of linktype VectorComponentLink in Scope CellType[RoundCell]
Registering Symbol cell.orientation.y of linktype VectorComponentLink in Scope CellType[RoundCell]
Registering Symbol cell.orientation.z of linktype VectorComponentLink in Scope CellType[RoundCell]
Registering Symbol cell.orientation.phi of linktype VectorComponentLink in Scope CellType[RoundCell]
Registering Symbol cell.orientation.theta of linktype VectorComponentLink in Scope CellType[RoundCell]
Registering Symbol cell.orientation.abs of linktype VectorComponentLink in Scope CellType[RoundCell]
Registering Symbol celltype.RoundCell.id of linktype PrimitiveConstant in Scope root
Registering Symbol celltype.RoundCell.size of linktype CellPopulationSizeLink in Scope root
Creating subscope CellType[Medium] in scope root
Registering Symbol cell.type of linktype PrimitiveConstant in Scope CellType[Medium]
Registering Symbol cell.id of linktype CellIDLink in Scope CellType[Medium]
Registering Symbol cell.center of linktype CellCenterLink in Scope CellType[Medium]
Registering Symbol cell.center.x of linktype VectorComponentLink in Scope CellType[Medium]
Registering Symbol cell.center.y of linktype VectorComponentLink in Scope CellType[Medium]
Registering Symbol cell.center.z of linktype VectorComponentLink in Scope CellType[Medium]
Registering Symbol cell.center.phi of linktype VectorComponentLink in Scope CellType[Medium]
Registering Symbol cell.center.theta of linktype VectorComponentLink in Scope CellType[Medium]
Registering Symbol cell.center.abs of linktype VectorComponentLink in Scope CellType[Medium]
Registering Symbol cell.volume of linktype CellVolumeLink in Scope CellType[Medium]
Registering Symbol celltype.Medium.id of linktype PrimitiveConstant in Scope root
Registering Symbol celltype.Medium.size of linktype CellPopulationSizeLink in Scope root
getXMLAttribute: seeking for SurfaceConstraint->target: 50
getXMLAttribute: seeking for SurfaceConstraint->strength: lambda_surface_elongated
getXMLAttribute: seeking for SurfaceConstraint->mode: surface
getXMLAttribute: seeking for SurfaceConstraint->exponent .. not found
getXMLAttribute: seeking for Property->name: VEGF Contact Level
getXMLAttribute: seeking for Property->symbol: vegf_contact
getXMLAttribute: seeking for Property->value: 0.0
getXMLAttribute: seeking for Property->notation .. not found
Registering Symbol vegf_contact of linktype CellPropertyLink in Scope CellType[ElongatedCell]
Registering Symbol vegf_contact of linktype CompositeLink in Scope root
getXMLAttribute: seeking for Property->name: Division countdown
getXMLAttribute: seeking for Property->symbol: division_timer
getXMLAttribute: seeking for Property->value: 0.0
getXMLAttribute: seeking for Property->notation .. not found
Registering Symbol division_timer of linktype CellPropertyLink in Scope CellType[ElongatedCell]
Registering Symbol division_timer of linktype CompositeLink in Scope root
getXMLAttribute: seeking for Chemotaxis->field: vegf
getXMLAttribute: seeking for Chemotaxis->strength: lambda_chemo_base * antispace * (50.0 / (50.0 + neighbor_contact_length))
getXMLAttribute: seeking for Chemotaxis->saturation: 1
getXMLAttribute: seeking for Chemotaxis->retraction .. not found
getXMLAttribute: seeking for Chemotaxis->contact-inhibition .. not found
getXMLAttribute: seeking for Event->delay .. not found
getXMLAttribute: seeking for Event->compute-time .. not found
getXMLAttribute: seeking for Event->trigger .. not found
getXMLAttribute: seeking for Condition->history: true
getXMLAttribute: seeking for Event->persistent .. not found
getXMLAttribute: seeking for Event->time-step: 10.0
Scope: Creating Accessor for symbol 'time' from Scope root
Creating subscope System in scope CellType[ElongatedCell]
getXMLAttribute: seeking for Rule->symbol-ref: division_timer
getXMLAttribute: seeking for Expression->text: 0
getXMLAttribute: seeking for Condition->text: cell.volume > 90 and vegf_contact > 0.1 and (0.0005*(1+0.25 * vegf_contact) * antispace) > rand_uni(0,1)
getXMLAttribute: seeking for CellDivision->division-plane: major
getXMLAttribute: seeking for CellDivision->orientation .. not found
getXMLAttribute: seeking for CellDivision->write-log .. not found
getXMLAttribute: seeking for CellDivision->trigger .. not found
Creating subscope System in scope CellType[ElongatedCell]
getXMLAttribute: seeking for Rule->symbol-ref: vegf_contact
getXMLAttribute: seeking for Expression->text: vegf_contact *0.5
Registering Symbol __daughterID of linktype PrimitiveVariable in Scope System
getXMLAttribute: seeking for Property->name .. not found
getXMLAttribute: seeking for Property->symbol: display
getXMLAttribute: seeking for Property->value: 1.0
getXMLAttribute: seeking for Property->notation .. not found
Registering Symbol display of linktype CellPropertyLink in Scope CellType[ElongatedCell]
Registering Symbol display of linktype CompositeLink in Scope root
getXMLAttribute: seeking for LengthConstraint->mode: eccentricity
getXMLAttribute: seeking for LengthConstraint->target: 60
getXMLAttribute: seeking for LengthConstraint->strength: 8
getXMLAttribute: seeking for VolumeConstraint->target: 150
getXMLAttribute: seeking for VolumeConstraint->strength: lambda_volume_elongated
getXMLAttribute: seeking for Input->value: vegf
getXMLAttribute: seeking for Polarity->symbol-ref .. not found
getXMLAttribute: seeking for Output[0]->mapping: average
getXMLAttribute: seeking for Output[0]->symbol-ref: vegf_contact
getXMLAttribute: seeking for DirectedMotion->direction: dir_x, dir_y, 0.0
getXMLAttribute: seeking for DirectedMotion->strength: 0.5
getXMLAttribute: seeking for DirectedMotion->protrusion .. not found
getXMLAttribute: seeking for DirectedMotion->retraction .. not found
getXMLAttribute: seeking for Property->name .. not found
getXMLAttribute: seeking for Property->symbol: dir_x
getXMLAttribute: seeking for Property->value: 0.0
getXMLAttribute: seeking for Property->notation .. not found
Registering Symbol dir_x of linktype CellPropertyLink in Scope CellType[ElongatedCell]
Registering Symbol dir_x of linktype CompositeLink in Scope root
getXMLAttribute: seeking for Property->name .. not found
getXMLAttribute: seeking for Property->symbol: dir_y
getXMLAttribute: seeking for Property->value: 0.0
getXMLAttribute: seeking for Property->notation .. not found
Registering Symbol dir_y of linktype CellPropertyLink in Scope CellType[ElongatedCell]
Registering Symbol dir_y of linktype CompositeLink in Scope root
getXMLAttribute: seeking for System->time-step: 1.0
Creating subscope System in scope CellType[ElongatedCell]
getXMLAttribute: seeking for System->solver: Runge-Kutta [fixed, O(4)]
getXMLAttribute: seeking for System->solver-eps .. not found
getXMLAttribute: seeking for Rule->symbol-ref: dir_x
getXMLAttribute: seeking for Expression->text: 200 - cell.center.x
getXMLAttribute: seeking for Rule->symbol-ref: dir_y
getXMLAttribute: seeking for Expression->text: 200 - cell.center.y
getXMLAttribute: seeking for Property->name .. not found
getXMLAttribute: seeking for Property->symbol: neighbor_contact_length
getXMLAttribute: seeking for Property->value: 0.0
getXMLAttribute: seeking for Property->notation .. not found
Registering Symbol neighbor_contact_length of linktype CellPropertyLink in Scope CellType[ElongatedCell]
Registering Symbol neighbor_contact_length of linktype CompositeLink in Scope root
getXMLAttribute: seeking for Input->scaling: length
getXMLAttribute: seeking for Input->value: cell.type == elongated_id
getXMLAttribute: seeking for Input->noflux-cell-medium .. not found
getXMLAttribute: seeking for Output[0]->mapping: sum
getXMLAttribute: seeking for Output[0]->symbol-ref: neighbor_contact_length
getXMLAttribute: seeking for NeighborhoodReporter->time-step: 1.0
getXMLAttribute: seeking for Property->name .. not found
getXMLAttribute: seeking for Property->symbol: current_chemo_strength
getXMLAttribute: seeking for Property->value: 0.0
getXMLAttribute: seeking for Property->notation .. not found
Registering Symbol current_chemo_strength of linktype CellPropertyLink in Scope CellType[ElongatedCell]
Registering Symbol current_chemo_strength of linktype CompositeLink in Scope root
getXMLAttribute: seeking for VolumeConstraint->target: 80
getXMLAttribute: seeking for VolumeConstraint->strength: lambda_volume_round
getXMLAttribute: seeking for SurfaceConstraint->target: 35
getXMLAttribute: seeking for SurfaceConstraint->strength: lambda_surface_round
getXMLAttribute: seeking for SurfaceConstraint->mode: surface
getXMLAttribute: seeking for SurfaceConstraint->exponent .. not found
getXMLAttribute: seeking for Chemotaxis->field: vegf 
getXMLAttribute: seeking for Chemotaxis->strength: lambda_chemo_round
getXMLAttribute: seeking for Chemotaxis->saturation .. not found
getXMLAttribute: seeking for Chemotaxis->retraction .. not found
getXMLAttribute: seeking for Chemotaxis->contact-inhibition .. not found
CellTypes defined: 'ElongatedCell' 'Medium' 'RoundCell' 
getXMLAttribute: seeking for MonteCarloSampler/MCSDuration->value: 1.0
getXMLAttribute: seeking for MonteCarloSampler->stepper: edgelist
getXMLAttribute: seeking for MonteCarloSampler/MetropolisKinetics->temperature: T
getXMLAttribute: seeking for MonteCarloSampler/MetropolisKinetics->yield: 0
getXMLAttribute: seeking for Contact->value: J_em
getXMLAttribute: seeking for Contact->value: J_rm
getXMLAttribute: seeking for Contact->value: J_er
getXMLAttribute: seeking for Contact->value: J_ee_spatial
getXMLAttribute: seeking for Contact->value: J_rr
Registering Symbol size of linktype PrimitiveConstant in Scope root
Registering Symbol size.x of linktype VectorComponentLink in Scope root
Registering Symbol size.y of linktype VectorComponentLink in Scope root
Registering Symbol size.z of linktype VectorComponentLink in Scope root
Registering Symbol size.phi of linktype VectorComponentLink in Scope root
Registering Symbol size.theta of linktype VectorComponentLink in Scope root
Registering Symbol size.abs of linktype VectorComponentLink in Scope root
Setting boundary neighborhood to order 2
Looking for neighborhood optimal
Looking for neighborhood optimal
Assigning Shape Neighborhood of size 2.23607 -> 20 neighbors.
Setting boundary neighborhood to order 4
Creating cell layer of size 4.40137 MB
with initial state set to CellType 'Medium'
getXMLAttribute: seeking for InitRectangle->number-of-cells: 30
getXMLAttribute: seeking for InitRectangle->mode: random
getXMLAttribute: seeking for InitRectangle->random-offset .. not found
getXMLAttribute: seeking for Dimensions->origin: 0.0, 0.0, 0.0
getXMLAttribute: seeking for Dimensions->size: 350.0, 100.0, 0.0
getXMLAttribute: seeking for InitRectangle->number-of-cells: 30
getXMLAttribute: seeking for InitRectangle->mode: random
getXMLAttribute: seeking for InitRectangle->random-offset .. not found
getXMLAttribute: seeking for Dimensions->origin: 300.0, 0.0, 0.0
getXMLAttribute: seeking for Dimensions->size: 100.0, 350.0, 0.0
getXMLAttribute: seeking for InitRectangle->number-of-cells: 30
getXMLAttribute: seeking for InitRectangle->mode: random
getXMLAttribute: seeking for InitRectangle->random-offset .. not found
getXMLAttribute: seeking for Dimensions->origin: 0.0, 100.0, 0.0
getXMLAttribute: seeking for Dimensions->size: 100.0, 300.0, 0.0
getXMLAttribute: seeking for InitRectangle->number-of-cells: 30
getXMLAttribute: seeking for InitRectangle->mode: random
getXMLAttribute: seeking for InitRectangle->random-offset .. not found
getXMLAttribute: seeking for Dimensions->origin: 100.0, 300.0, 0.0
getXMLAttribute: seeking for Dimensions->size: 300.0, 100.0, 0.0
getXMLAttribute: seeking for InitRectangle->number-of-cells: 40
getXMLAttribute: seeking for InitRectangle->mode: random
getXMLAttribute: seeking for InitRectangle->random-offset .. not found
getXMLAttribute: seeking for Dimensions->origin: 0.0, 0.0, 0.0
getXMLAttribute: seeking for Dimensions->size: 350.0, 100.0, 0.0
getXMLAttribute: seeking for InitRectangle->number-of-cells: 40
getXMLAttribute: seeking for InitRectangle->mode: random
getXMLAttribute: seeking for InitRectangle->random-offset .. not found
getXMLAttribute: seeking for Dimensions->origin: 300.0, 0.0, 0.0
getXMLAttribute: seeking for Dimensions->size: 100.0, 300.0, 0.0
getXMLAttribute: seeking for InitRectangle->number-of-cells: 40
getXMLAttribute: seeking for InitRectangle->mode: random
getXMLAttribute: seeking for InitRectangle->random-offset .. not found
getXMLAttribute: seeking for Dimensions->origin: 0.0, 100.0, 0.0
getXMLAttribute: seeking for Dimensions->size: 100.0, 300.0, 0.0
getXMLAttribute: seeking for InitRectangle->number-of-cells: 40
getXMLAttribute: seeking for InitRectangle->mode: random
getXMLAttribute: seeking for InitRectangle->random-offset .. not found
getXMLAttribute: seeking for Dimensions->origin: 100.0, 300.0, 0.0
getXMLAttribute: seeking for Dimensions->size: 300.0, 100.0, 0.0
Initializing celltype 'ElongatedCell'
Scope: Creating Accessor for symbol 'lambda_surface_elongated' from Scope root
Plugin SurfaceConstraint: Registered input symbol dependencies lambda_surface_elongated [root] ,
Scope: Creating Accessor for symbol 'vegf' from Scope root
Scope: Creating Accessor for symbol 'lambda_chemo_base' from Scope root
Scope: Creating Accessor for symbol 'antispace' from Scope root
Scope: Creating Accessor for symbol 'neighbor_contact_length' from Scope CellType[ElongatedCell]
Warning: Could not initialize default property neighbor_contact_length of celltype ElongatedCell.
Plugin Chemotaxis: Registered input symbol dependencies antispace [root] ,neighbor_contact_length [CellType[ElongatedCell]] ,vegf [root] ,lambda_chemo_base [root] ,
Plugin Event: Registered input symbol dependencies time [root] ,
Scope: Creating Accessor for symbol 'division_timer' from Scope CellType[ElongatedCell]
System::init: Reordering Initializers ...
Scope: Creating Accessor for symbol 'division_timer' from Scope CellType[ElongatedCell]
Scope: Creating Accessor for symbol 'cell.volume' from Scope CellType[ElongatedCell]
Scope: Creating Accessor for symbol 'vegf_contact' from Scope CellType[ElongatedCell]
Scope: Creating Accessor for symbol 'antispace' from Scope root
Plugin CellDivision: Registered input symbol dependencies cell.volume [CellType[ElongatedCell]] ,antispace [root] ,vegf_contact [CellType[ElongatedCell]] ,
Scope: Creating Accessor for symbol 'cell.center' from Scope CellType[ElongatedCell]
Scope: Creating Accessor for symbol 'vegf_contact' from Scope CellType[ElongatedCell]
System::init: Reordering Initializers ...
Scope: Creating Accessor for symbol '__daughterID' from Scope System
Scope: Creating Accessor for symbol 'lambda_volume_elongated' from Scope root
Plugin VolumeConstraint: Registered input symbol dependencies lambda_volume_elongated [root] ,
Scope: Creating Accessor for symbol 'vegf' from Scope root
Scope: Creating Accessor for symbol 'vegf_contact' from Scope CellType[ElongatedCell]
Plugin Mapper: Registered input symbol dependencies vegf [root] ,
PluginMapper: Registered output symbol dependencies vegf_contact [CellType[ElongatedCell]] ,
Scope: Creating Accessor for symbol 'cell.center' from Scope CellType[ElongatedCell]
Scope: Creating Accessor for symbol 'dir_x' from Scope CellType[ElongatedCell]
Scope: Creating Accessor for symbol 'dir_y' from Scope CellType[ElongatedCell]
Warning: Could not initialize default property dir_x of celltype ElongatedCell.
Warning: Could not initialize default property dir_y of celltype ElongatedCell.
Plugin DirectedMotion: Registered input symbol dependencies dir_x [CellType[ElongatedCell]] ,dir_y [CellType[ElongatedCell]] ,
Scope: Creating Accessor for symbol 'dir_x' from Scope CellType[ElongatedCell]
Scope: Creating Accessor for symbol 'dir_y' from Scope CellType[ElongatedCell]
Scope: Creating Accessor for symbol 'cell.center.x' from Scope CellType[ElongatedCell]
Scope: Creating Accessor for symbol 'cell.center.y' from Scope CellType[ElongatedCell]
System::init: Reordering Initializers ...
Scope: Creating Accessor for symbol 'cell.type' from Scope root
Scope: Creating Accessor for symbol 'elongated_id' from Scope root
Scope: Creating Accessor for symbol 'neighbor_contact_length' from Scope CellType[ElongatedCell]
Plugin NeighborhoodReporter: Registered input symbol dependencies cell.type [root] ,elongated_id [root] ,
PluginNeighborhoodReporter: Registered output symbol dependencies neighbor_contact_length [CellType[ElongatedCell]] ,
Scope: Creating Accessor for symbol 'cell.center' from Scope CellType[ElongatedCell]
noflux_cell_medium_interface.isDefined()
InitRectangle: number of cells = 30, origin = 0, 0, 0, size = 350, 100, 0
InitRectangle: clamped size from (350,100,0) to (350,100,1)
successfully created 30 cells.
InitRectangle: number of cells = 30, origin = 300, 0, 0, size = 100, 350, 0
InitRectangle: clamped size from (100,350,0) to (100,350,1)
successfully created 30 cells.
InitRectangle: number of cells = 30, origin = 0, 100, 0, size = 100, 300, 0
InitRectangle: clamped size from (100,300,0) to (100,300,1)
successfully created 30 cells.
InitRectangle: number of cells = 30, origin = 100, 300, 0, size = 300, 100, 0
InitRectangle: clamped size from (300,100,0) to (300,100,1)
successfully created 30 cells.
Cells 120 requested 40
Initializing celltype 'RoundCell'
Scope: Creating Accessor for symbol 'lambda_volume_round' from Scope root
Plugin VolumeConstraint: Registered input symbol dependencies lambda_volume_round [root] ,
Scope: Creating Accessor for symbol 'lambda_surface_round' from Scope root
Plugin SurfaceConstraint: Registered input symbol dependencies lambda_surface_round [root] ,
Scope: Creating Accessor for symbol 'vegf' from Scope root
Scope: Creating Accessor for symbol 'lambda_chemo_round' from Scope root
Plugin Chemotaxis: Registered input symbol dependencies vegf [root] ,lambda_chemo_round [root] ,
InitRectangle: number of cells = 40, origin = 0, 0, 0, size = 350, 100, 0
InitRectangle: clamped size from (350,100,0) to (350,100,1)
successfully created 40 cells.
InitRectangle: number of cells = 40, origin = 300, 0, 0, size = 100, 300, 0
InitRectangle: clamped size from (100,300,0) to (100,300,1)
successfully created 40 cells.
InitRectangle: number of cells = 40, origin = 0, 100, 0, size = 100, 300, 0
InitRectangle: clamped size from (100,300,0) to (100,300,1)
successfully created 40 cells.
InitRectangle: number of cells = 40, origin = 100, 300, 0, size = 300, 100, 0
InitRectangle: clamped size from (300,100,0) to (300,100,1)
successfully created 40 cells.
Cells 160 requested 40
Initializing celltype 'Medium'
Scope: Creating Accessor for symbol 'T' from Scope root
Plugin CPM: Registered input symbol dependencies T [root] ,
Scope: Creating Accessor for symbol 'cell.center' from Scope root
Scope: Creating Accessor for symbol 'cell.volume' from Scope root
Scope: Creating Accessor for symbol 'cell.surface' from Scope root
Scope: Creating Accessor for symbol 'cell.length' from Scope root
Scope: Creating Accessor for symbol 'cell.type' from Scope root
creating Edge tracker 

 thread_id = 
 thread_id = 
 thread_id = 0x16e95f0000x201a02080, register_thread_index = 0x16f1670000, shared_locks_array[cur_index].value = 1
, register_thread_index = 1, shared_locks_array[cur_index].value = 1
 thread_id = 
0x16f96f000, register_thread_index = 3, shared_locks_array[cur_index].value = 1
, register_thread_index = 
 thread_id = 2, shared_locks_array[cur_index].value = 1
0x16e157000, register_thread_index = 4, shared_locks_array[cur_index].value = 1
EdgeListTracker::init() : Created Tracker with Neighborhood size 8 of size 3.69824 MB
EdgeListTracker::init() : Found 2222 initial edges, wherof 2222 can be modified.
Scope: Creating Accessor for symbol 'J_ee_spatial' from Scope root
Scope: Creating Accessor for symbol 'J_ee_base' from Scope root
Scope: Creating Accessor for symbol 'J_ee_penalty' from Scope root
Scope: Creating Accessor for symbol 'vegf' from Scope root
Scope: Creating Accessor for symbol 'J_er' from Scope root
Scope: Creating Accessor for symbol 'J_em' from Scope root
Scope: Creating Accessor for symbol 'J_rr' from Scope root
Scope: Creating Accessor for symbol 'J_rm' from Scope root
CPM: InteractionEnergy has 20 neighbors
CPM: InteractionEnergy was initialized with  IA_COLLAPSE 
Scope: Creating Accessor for symbol 'T' from Scope root
Scope: Creating Accessor for symbol 'antispace' from Scope root
Plugin Variable: Registered input symbol dependencies antispace [root] ,T [root] ,
Scope: Creating Accessor for symbol 'antispace' from Scope root
Scope: Creating Accessor for symbol 'antispace_reduction' from Scope root
System::init: Reordering Initializers ...
Scope: Creating Accessor for symbol 'vegf' from Scope root
Scope: Creating Accessor for symbol 'vegf' from Scope root
Scope: Creating Accessor for symbol 'vegf_diff' from Scope root
Creating FwdEulerADSolver
Scope: Creating Accessor for symbol 'vegf_decay' from Scope root
Scope: Creating Accessor for symbol 'space.x' from Scope root
Scope: Creating Accessor for symbol 'space.y' from Scope root
System::init: Reordering Initializers ...
Scope: Creating Accessor for symbol 'lambda_chemo_base' from Scope root
Scope: Creating Accessor for symbol 'antispace' from Scope root
EvaluatorCache::registerSymbol(): Unknown symbol cell.contact_neighbor_length
Available is J_ee_base,J_ee_penalty,J_ee_spatial,J_em,J_er,J_rm,J_rr,T,T_eff,antispace,antispace_reduction,cell.center.abs,cell.center.phi,cell.center.theta,cell.center.x,cell.center.y,cell.center.z,cell.id,cell.type,cell.volume,celltype.ElongatedCell.id,celltype.ElongatedCell.size,celltype.Medium.id,celltype.Medium.size,celltype.RoundCell.id,celltype.RoundCell.size,elongated_id,lambda_chemo_base,lambda_chemo_elongated,lambda_chemo_round,lambda_surface_elongated,lambda_surface_round,lambda_volume_elongated,lambda_volume_round,size.abs,size.phi,size.theta,size.x,size.y,size.z,space.abs,space.phi,space.theta,space.x,space.y,space.z,time,vegf,vegf_decay,vegf_diff,vegf_threshold,
