Initializing from file model.xml
Applied 0 patches to update MorpheusML version to internal v5!
Time/RandomSeed not specified, using arbitray seed (based on time).
Intitalize Thread 0 with seed 1765398406
Intitalize Thread 4 with seed Intitalize Thread 749334274
3 with seed 499213272Intitalize Thread Intitalize Thread 1 with seed 753181529
2 with seed 1647492391

Registering Symbol time of linktype TimeLink in Scope root
Time/RandomSeed not specified, using arbitray seed (based on time).
Intitalize Thread 4 with seed 749334274
Intitalize Thread 3 with seed Intitalize Thread 0 with seed 1765398406
499213272
Intitalize Thread 2 with seed 1647492391
Intitalize Thread 1 with seed 753181529
Registering Symbol space of linktype LocationLink in Scope root
Registering Symbol space.x of linktype VectorComponentLink in Scope root
Registering Symbol space.y of linktype VectorComponentLink in Scope root
Registering Symbol space.z of linktype VectorComponentLink in Scope root
Registering Symbol space.phi of linktype VectorComponentLink in Scope root
Registering Symbol space.theta of linktype VectorComponentLink in Scope root
Registering Symbol space.abs of linktype VectorComponentLink in Scope root
Creating lattice
getXMLAttribute: seeking for Lattice->class: square
getXMLAttribute: seeking for Size->value: 500, 500, 0
getXMLAttribute: seeking for Size->symbol: size
Creating subscope CellType[cell] in scope root
Registering Symbol cell.type of linktype PrimitiveConstant in Scope CellType[cell]
Registering Symbol cell.type of linktype CompositeLink in Scope root
Registering Symbol cell.id of linktype CellIDLink in Scope CellType[cell]
Registering Symbol cell.id of linktype CompositeLink in Scope root
Registering Symbol cell.center of linktype CellCenterLink in Scope CellType[cell]
Registering Symbol cell.center of linktype CompositeLink in Scope root
Registering Symbol cell.center.x of linktype VectorComponentLink in Scope root
Registering Symbol cell.center.y of linktype VectorComponentLink in Scope root
Registering Symbol cell.center.z of linktype VectorComponentLink in Scope root
Registering Symbol cell.center.phi of linktype VectorComponentLink in Scope root
Registering Symbol cell.center.theta of linktype VectorComponentLink in Scope root
Registering Symbol cell.center.abs of linktype VectorComponentLink in Scope root
Registering Symbol cell.center.x of linktype VectorComponentLink in Scope CellType[cell]
Registering Symbol cell.center.y of linktype VectorComponentLink in Scope CellType[cell]
Registering Symbol cell.center.z of linktype VectorComponentLink in Scope CellType[cell]
Registering Symbol cell.center.phi of linktype VectorComponentLink in Scope CellType[cell]
Registering Symbol cell.center.theta of linktype VectorComponentLink in Scope CellType[cell]
Registering Symbol cell.center.abs of linktype VectorComponentLink in Scope CellType[cell]
Registering Symbol cell.volume of linktype CellVolumeLink in Scope CellType[cell]
Registering Symbol cell.volume of linktype CompositeLink in Scope root
Registering Symbol cell.length of linktype CellLengthLink in Scope CellType[cell]
Registering Symbol cell.length of linktype CompositeLink in Scope root
Registering Symbol cell.surface of linktype CellInterfaceLengthLink in Scope CellType[cell]
Registering Symbol cell.surface of linktype CompositeLink in Scope root
Registering Symbol cell.orientation of linktype CellOrientationLink in Scope CellType[cell]
Registering Symbol cell.orientation of linktype CompositeLink in Scope root
Registering Symbol cell.orientation.x of linktype VectorComponentLink in Scope root
Registering Symbol cell.orientation.y of linktype VectorComponentLink in Scope root
Registering Symbol cell.orientation.z of linktype VectorComponentLink in Scope root
Registering Symbol cell.orientation.phi of linktype VectorComponentLink in Scope root
Registering Symbol cell.orientation.theta of linktype VectorComponentLink in Scope root
Registering Symbol cell.orientation.abs of linktype VectorComponentLink in Scope root
Registering Symbol cell.orientation.x of linktype VectorComponentLink in Scope CellType[cell]
Registering Symbol cell.orientation.y of linktype VectorComponentLink in Scope CellType[cell]
Registering Symbol cell.orientation.z of linktype VectorComponentLink in Scope CellType[cell]
Registering Symbol cell.orientation.phi of linktype VectorComponentLink in Scope CellType[cell]
Registering Symbol cell.orientation.theta of linktype VectorComponentLink in Scope CellType[cell]
Registering Symbol cell.orientation.abs of linktype VectorComponentLink in Scope CellType[cell]
Registering Symbol celltype.cell.id of linktype PrimitiveConstant in Scope root
Registering Symbol celltype.cell.size of linktype CellPopulationSizeLink in Scope root
getXMLAttribute: seeking for VolumeConstraint->target: 100
getXMLAttribute: seeking for VolumeConstraint->strength: 1
getXMLAttribute: seeking for SurfaceConstraint->target: 1
getXMLAttribute: seeking for SurfaceConstraint->strength: 1
getXMLAttribute: seeking for SurfaceConstraint->mode: aspherity
getXMLAttribute: seeking for SurfaceConstraint->exponent .. not found
getXMLAttribute: seeking for Property->name: Number of neighboring cells
getXMLAttribute: seeking for Property->symbol: n_neighbors
getXMLAttribute: seeking for Property->value: 0
getXMLAttribute: seeking for Property->notation .. not found
Registering Symbol n_neighbors of linktype CellPropertyLink in Scope CellType[cell]
Registering Symbol n_neighbors of linktype CompositeLink in Scope root
getXMLAttribute: seeking for Input->scaling: cell
getXMLAttribute: seeking for Input->value: cell.type == 0
getXMLAttribute: seeking for Input->noflux-cell-medium .. not found
getXMLAttribute: seeking for Output[0]->mapping: sum
getXMLAttribute: seeking for Output[0]->symbol-ref: n_neighbors
getXMLAttribute: seeking for Condition->text: n_neighbors < 3 and  rand_uni(0,1) < 0.015
getXMLAttribute: seeking for CellDivision->division-plane: minor
getXMLAttribute: seeking for CellDivision->orientation .. not found
getXMLAttribute: seeking for CellDivision->write-log .. not found
getXMLAttribute: seeking for CellDivision->trigger .. not found
Creating subscope System in scope CellType[cell]
Registering Symbol __daughterID of linktype PrimitiveVariable in Scope System
getXMLAttribute: seeking for Condition->text: n_neighbors > 6
getXMLAttribute: seeking for Shrinkage->target-volume .. not found
getXMLAttribute: seeking for Shrinkage->remove-volume .. not found
getXMLAttribute: seeking for Shrinkage->replace-with .. not found
CellTypes defined: 'cell' 
Creating subscope CellType[Medium] in scope root
Registering Symbol cell.type of linktype PrimitiveConstant in Scope CellType[Medium]
Registering Symbol cell.id of linktype CellIDLink in Scope CellType[Medium]
Registering Symbol cell.center of linktype CellCenterLink in Scope CellType[Medium]
Registering Symbol cell.center.x of linktype VectorComponentLink in Scope CellType[Medium]
Registering Symbol cell.center.y of linktype VectorComponentLink in Scope CellType[Medium]
Registering Symbol cell.center.z of linktype VectorComponentLink in Scope CellType[Medium]
Registering Symbol cell.center.phi of linktype VectorComponentLink in Scope CellType[Medium]
Registering Symbol cell.center.theta of linktype VectorComponentLink in Scope CellType[Medium]
Registering Symbol cell.center.abs of linktype VectorComponentLink in Scope CellType[Medium]
Registering Symbol cell.volume of linktype CellVolumeLink in Scope CellType[Medium]
getXMLAttribute: seeking for MonteCarloSampler/MCSDuration->value: 1
getXMLAttribute: seeking for MonteCarloSampler->stepper: edgelist
getXMLAttribute: seeking for MonteCarloSampler/MetropolisKinetics->temperature: 1
getXMLAttribute: seeking for MonteCarloSampler/MetropolisKinetics->yield .. not found
getXMLAttribute: seeking for Contact->value: -10
Registering Symbol size of linktype PrimitiveConstant in Scope root
Registering Symbol size.x of linktype VectorComponentLink in Scope root
Registering Symbol size.y of linktype VectorComponentLink in Scope root
Registering Symbol size.z of linktype VectorComponentLink in Scope root
Registering Symbol size.phi of linktype VectorComponentLink in Scope root
Registering Symbol size.theta of linktype VectorComponentLink in Scope root
Registering Symbol size.abs of linktype VectorComponentLink in Scope root
Setting boundary neighborhood to order 2
Assigning Shape Neighborhood of size 1.41421 -> 8 neighbors.
Setting boundary neighborhood to order 2
Creating cell layer of size 6.83594 MB
with initial state set to CellType 'Medium'
Initializing celltype 'cell'
Scope: Creating Accessor for symbol 'cell.type' from Scope root
Scope: Creating Accessor for symbol 'n_neighbors' from Scope CellType[cell]
Plugin NeighborhoodReporter: Registered input symbol dependencies cell.type [root] ,
PluginNeighborhoodReporter: Registered output symbol dependencies n_neighbors [CellType[cell]] ,
Scope: Creating Accessor for symbol 'cell.center' from Scope CellType[cell]
noflux_cell_medium_interface.isDefined()
Scope: Creating Accessor for symbol 'n_neighbors' from Scope CellType[cell]
Plugin CellDivision: Registered input symbol dependencies n_neighbors [CellType[cell]] ,
Scope: Creating Accessor for symbol 'cell.center' from Scope CellType[cell]
System::init: Reordering Initializers ...
Scope: Creating Accessor for symbol '__daughterID' from Scope System
Scope: Creating Accessor for symbol 'n_neighbors' from Scope CellType[cell]
Plugin CellDeath: Registered input symbol dependencies n_neighbors [CellType[cell]] ,
Scope: Creating Accessor for symbol 'cell.center' from Scope CellType[cell]
CellType 'cell': loading 1 cells from XML
Cells 1 requested 0
Initializing celltype 'Medium'
Scope: Creating Accessor for symbol 'cell.center' from Scope root
Scope: Creating Accessor for symbol 'cell.volume' from Scope root
Scope: Creating Accessor for symbol 'cell.surface' from Scope root
Scope: Creating Accessor for symbol 'cell.length' from Scope root
Scope: Creating Accessor for symbol 'cell.type' from Scope root
creating Edge tracker 

 thread_id = 
 thread_id = 
 thread_id = 0x16f8470000x16f03f000, register_thread_index = , register_thread_index = 1, shared_locks_array[cur_index].value = 0, shared_locks_array[cur_index].value = 1
1

 thread_id = 0x16e02f000, register_thread_index = 3, shared_locks_array[cur_index].value = 1
0x1fbdc6080, register_thread_index = 2, shared_locks_array[cur_index].value = 1

 thread_id = 0x16e837000, register_thread_index = 4, shared_locks_array[cur_index].value = 1
EdgeListTracker::init() : Created Tracker with Neighborhood size 8 of size 5.76758 MB
EdgeListTracker::init() : Found 8 initial edges, wherof 8 can be modified.
CPM: InteractionEnergy has 8 neighbors
CPM: InteractionEnergy was initialized with  IA_COLLAPSE 
Loading Analysis tools [2]
getXMLAttribute: seeking for Gnuplotter->file-numbering .. not found
getXMLAttribute: seeking for Terminal->name: png
getXMLAttribute: seeking for Terminal->size .. not found
getXMLAttribute: seeking for Gnuplotter->time-step: 50
getXMLAttribute: seeking for Cells->value: n_neighbors
getXMLAttribute: seeking for ModelGraph->format: dot
getXMLAttribute: seeking for ModelGraph->reduced: false
getXMLAttribute: seeking for ModelGraph->exclude-symbols .. not found
getXMLAttribute: seeking for ModelGraph->include-tags: #untagged
Scope: Creating Accessor for symbol 'n_neighbors' from Scope root
NeighborhoodReporter
CellDivision
CellDeath
CPM
Gnuplotter
ModelGraph

 TimeStepListener "CellDivision" propagates its time step 1

 TimeStepListener "CellDeath" propagates its time step 1

 TimeStepListener "CPM" propagates its time step 1

 TimeStepListener "Gnuplotter" propagates its time step 50

 TimeStepListener "ModelGraph" propagates its time step 50000
TimeScheduler::init: Ordering instantaneous processes for sequential update ...
Trying to remove unregistered symbol "cell.center" from unresolved_symbols.Trying to remove unregistered symbol "cell.center" from unresolved_symbols. 
======================================================
 Time Schedule
======================================================
 Time precision patch is 0.001

=====|    Phase I     |===============================
-----. CPM .------------------------------------
  + 1 => CPM [] -> [cell.center,cell.length,cell.surface,cell.type,cell.volume]

=====|    Phase II    |===============================
-----. Reporters and Instantaneous Processes.---------
  + 1 => NeighborhoodReporter [Count neighbors] [cell.center,cell.type] -> [n_neighbors]
  + 1 => CellDivision [Divide if less than 3 neighbors] [n_neighbors] -> [cell.center]
  + 1 => CellDeath [Die if more than 6 neighbors] [n_neighbors] -> [cell.center]

=====|    Phase III   |===============================
-----. Analysis .-------------------------------------
  + 50 => Gnuplotter [n_neighbors] 
  + 50000 => ModelGraph [] 
------------------------------------------------------
======================================================

model is up
GnuPlotter: Saving plot_00000.png
Time: 0.00 atu
GnuPlotter: Saving plot_00050.png
GnuPlotter: Saving plot_00100.png
GnuPlotter: Saving plot_00150.png
GnuPlotter: Saving plot_00200.png
GnuPlotter: Saving plot_00250.png
GnuPlotter: Saving plot_00300.png
GnuPlotter: Saving plot_00350.png
GnuPlotter: Saving plot_00400.png
GnuPlotter: Saving plot_00450.png
GnuPlotter: Saving plot_00500.png
Time: 500 
GnuPlotter: Saving plot_00550.png
GnuPlotter: Saving plot_00600.png
GnuPlotter: Saving plot_00650.png
GnuPlotter: Saving plot_00700.png
GnuPlotter: Saving plot_00750.png
GnuPlotter: Saving plot_00800.png
GnuPlotter: Saving plot_00850.png
GnuPlotter: Saving plot_00900.png
GnuPlotter: Saving plot_00950.png
GnuPlotter: Saving plot_01000.png
Time: 1000 
GnuPlotter: Saving plot_01050.png
GnuPlotter: Saving plot_01100.png
GnuPlotter: Saving plot_01150.png
GnuPlotter: Saving plot_01200.png
GnuPlotter: Saving plot_01250.png
GnuPlotter: Saving plot_01300.png
GnuPlotter: Saving plot_01350.png
GnuPlotter: Saving plot_01400.png
GnuPlotter: Saving plot_01450.png
GnuPlotter: Saving plot_01500.png
Time: 1500 
GnuPlotter: Saving plot_01550.png
GnuPlotter: Saving plot_01600.png
GnuPlotter: Saving plot_01650.png
GnuPlotter: Saving plot_01700.png
GnuPlotter: Saving plot_01750.png
GnuPlotter: Saving plot_01800.png
GnuPlotter: Saving plot_01850.png
GnuPlotter: Saving plot_01900.png
GnuPlotter: Saving plot_01950.png
GnuPlotter: Saving plot_02000.png
Time: 2000 
GnuPlotter: Saving plot_02050.png
GnuPlotter: Saving plot_02100.png
GnuPlotter: Saving plot_02150.png
GnuPlotter: Saving plot_02200.png
GnuPlotter: Saving plot_02250.png
GnuPlotter: Saving plot_02300.png
GnuPlotter: Saving plot_02350.png
GnuPlotter: Saving plot_02400.png
GnuPlotter: Saving plot_02450.png
GnuPlotter: Saving plot_02500.png
Time: 2500 
GnuPlotter: Saving plot_02550.png
GnuPlotter: Saving plot_02600.png
GnuPlotter: Saving plot_02650.png
GnuPlotter: Saving plot_02700.png
GnuPlotter: Saving plot_02750.png
GnuPlotter: Saving plot_02800.png
GnuPlotter: Saving plot_02850.png
GnuPlotter: Saving plot_02900.png
GnuPlotter: Saving plot_02950.png
GnuPlotter: Saving plot_03000.png
Time: 3000 
GnuPlotter: Saving plot_03050.png
GnuPlotter: Saving plot_03100.png
GnuPlotter: Saving plot_03150.png
GnuPlotter: Saving plot_03200.png
GnuPlotter: Saving plot_03250.png
GnuPlotter: Saving plot_03300.png
GnuPlotter: Saving plot_03350.png
GnuPlotter: Saving plot_03400.png
GnuPlotter: Saving plot_03450.png
GnuPlotter: Saving plot_03500.png
Time: 3500 
GnuPlotter: Saving plot_03550.png
GnuPlotter: Saving plot_03600.png
GnuPlotter: Saving plot_03650.png
GnuPlotter: Saving plot_03700.png
GnuPlotter: Saving plot_03750.png
GnuPlotter: Saving plot_03800.png
GnuPlotter: Saving plot_03850.png
GnuPlotter: Saving plot_03900.png
GnuPlotter: Saving plot_03950.png
GnuPlotter: Saving plot_04000.png
Time: 4000 
GnuPlotter: Saving plot_04050.png
GnuPlotter: Saving plot_04100.png
GnuPlotter: Saving plot_04150.png
GnuPlotter: Saving plot_04200.png
GnuPlotter: Saving plot_04250.png
GnuPlotter: Saving plot_04300.png
GnuPlotter: Saving plot_04350.png
GnuPlotter: Saving plot_04400.png
GnuPlotter: Saving plot_04450.png
GnuPlotter: Saving plot_04500.png
Time: 4500 
GnuPlotter: Saving plot_04550.png
GnuPlotter: Saving plot_04600.png
GnuPlotter: Saving plot_04650.png
GnuPlotter: Saving plot_04700.png
GnuPlotter: Saving plot_04750.png
GnuPlotter: Saving plot_04800.png
GnuPlotter: Saving plot_04850.png
GnuPlotter: Saving plot_04900.png
GnuPlotter: Saving plot_04950.png
GnuPlotter: Saving plot_05000.png
Time: 5000 
GnuPlotter: Saving plot_05050.png
GnuPlotter: Saving plot_05100.png
GnuPlotter: Saving plot_05150.png
GnuPlotter: Saving plot_05200.png
GnuPlotter: Saving plot_05250.png
GnuPlotter: Saving plot_05300.png
GnuPlotter: Saving plot_05350.png
GnuPlotter: Saving plot_05400.png
GnuPlotter: Saving plot_05450.png
GnuPlotter: Saving plot_05500.png
Time: 5500 
GnuPlotter: Saving plot_05550.png
GnuPlotter: Saving plot_05600.png
GnuPlotter: Saving plot_05650.png
GnuPlotter: Saving plot_05700.png
GnuPlotter: Saving plot_05750.png
GnuPlotter: Saving plot_05800.png
GnuPlotter: Saving plot_05850.png
GnuPlotter: Saving plot_05900.png
GnuPlotter: Saving plot_05950.png
GnuPlotter: Saving plot_06000.png
Time: 6000 
GnuPlotter: Saving plot_06050.png
GnuPlotter: Saving plot_06100.png
GnuPlotter: Saving plot_06150.png
GnuPlotter: Saving plot_06200.png
GnuPlotter: Saving plot_06250.png
GnuPlotter: Saving plot_06300.png
GnuPlotter: Saving plot_06350.png
GnuPlotter: Saving plot_06400.png
GnuPlotter: Saving plot_06450.png
GnuPlotter: Saving plot_06500.png
Time: 6500 
GnuPlotter: Saving plot_06550.png
GnuPlotter: Saving plot_06600.png
GnuPlotter: Saving plot_06650.png
GnuPlotter: Saving plot_06700.png
GnuPlotter: Saving plot_06750.png
GnuPlotter: Saving plot_06800.png
GnuPlotter: Saving plot_06850.png
GnuPlotter: Saving plot_06900.png
GnuPlotter: Saving plot_06950.png
GnuPlotter: Saving plot_07000.png
Time: 7000 
GnuPlotter: Saving plot_07050.png
GnuPlotter: Saving plot_07100.png
GnuPlotter: Saving plot_07150.png
GnuPlotter: Saving plot_07200.png
GnuPlotter: Saving plot_07250.png
GnuPlotter: Saving plot_07300.png
GnuPlotter: Saving plot_07350.png
GnuPlotter: Saving plot_07400.png
GnuPlotter: Saving plot_07450.png
GnuPlotter: Saving plot_07500.png
Time: 7500 
GnuPlotter: Saving plot_07550.png
GnuPlotter: Saving plot_07600.png
GnuPlotter: Saving plot_07650.png
GnuPlotter: Saving plot_07700.png
GnuPlotter: Saving plot_07750.png
GnuPlotter: Saving plot_07800.png
GnuPlotter: Saving plot_07850.png
GnuPlotter: Saving plot_07900.png
GnuPlotter: Saving plot_07950.png
GnuPlotter: Saving plot_08000.png
Time: 8000 
GnuPlotter: Saving plot_08050.png
GnuPlotter: Saving plot_08100.png
GnuPlotter: Saving plot_08150.png
GnuPlotter: Saving plot_08200.png
GnuPlotter: Saving plot_08250.png
GnuPlotter: Saving plot_08300.png
GnuPlotter: Saving plot_08350.png
GnuPlotter: Saving plot_08400.png
GnuPlotter: Saving plot_08450.png
GnuPlotter: Saving plot_08500.png
Time: 8500 
GnuPlotter: Saving plot_08550.png
GnuPlotter: Saving plot_08600.png
GnuPlotter: Saving plot_08650.png
GnuPlotter: Saving plot_08700.png
GnuPlotter: Saving plot_08750.png
GnuPlotter: Saving plot_08800.png
GnuPlotter: Saving plot_08850.png
GnuPlotter: Saving plot_08900.png
GnuPlotter: Saving plot_08950.png
GnuPlotter: Saving plot_09000.png
Time: 9000 
GnuPlotter: Saving plot_09050.png
GnuPlotter: Saving plot_09100.png
GnuPlotter: Saving plot_09150.png
GnuPlotter: Saving plot_09200.png
GnuPlotter: Saving plot_09250.png
GnuPlotter: Saving plot_09300.png
GnuPlotter: Saving plot_09350.png
GnuPlotter: Saving plot_09400.png
GnuPlotter: Saving plot_09450.png
GnuPlotter: Saving plot_09500.png
Time: 9500 
GnuPlotter: Saving plot_09550.png
GnuPlotter: Saving plot_09600.png
GnuPlotter: Saving plot_09650.png
GnuPlotter: Saving plot_09700.png
GnuPlotter: Saving plot_09750.png
GnuPlotter: Saving plot_09800.png
GnuPlotter: Saving plot_09850.png
GnuPlotter: Saving plot_09900.png
GnuPlotter: Saving plot_09950.png
GnuPlotter: Saving plot_10000.png
Time: 10000 
GnuPlotter: Saving plot_10050.png
GnuPlotter: Saving plot_10100.png
GnuPlotter: Saving plot_10150.png
GnuPlotter: Saving plot_10200.png
GnuPlotter: Saving plot_10250.png
GnuPlotter: Saving plot_10300.png
GnuPlotter: Saving plot_10350.png
GnuPlotter: Saving plot_10400.png
GnuPlotter: Saving plot_10450.png
GnuPlotter: Saving plot_10500.png
Time: 10500 
GnuPlotter: Saving plot_10550.png
GnuPlotter: Saving plot_10600.png
GnuPlotter: Saving plot_10650.png
GnuPlotter: Saving plot_10700.png
GnuPlotter: Saving plot_10750.png
GnuPlotter: Saving plot_10800.png
GnuPlotter: Saving plot_10850.png
GnuPlotter: Saving plot_10900.png
GnuPlotter: Saving plot_10950.png
GnuPlotter: Saving plot_11000.png
Time: 11000 
GnuPlotter: Saving plot_11050.png
GnuPlotter: Saving plot_11100.png
GnuPlotter: Saving plot_11150.png
GnuPlotter: Saving plot_11200.png
GnuPlotter: Saving plot_11250.png
GnuPlotter: Saving plot_11300.png
GnuPlotter: Saving plot_11350.png
GnuPlotter: Saving plot_11400.png
GnuPlotter: Saving plot_11450.png
GnuPlotter: Saving plot_11500.png
Time: 11500 
GnuPlotter: Saving plot_11550.png
GnuPlotter: Saving plot_11600.png
GnuPlotter: Saving plot_11650.png
GnuPlotter: Saving plot_11700.png
GnuPlotter: Saving plot_11750.png
GnuPlotter: Saving plot_11800.png
GnuPlotter: Saving plot_11850.png
GnuPlotter: Saving plot_11900.png
GnuPlotter: Saving plot_11950.png
GnuPlotter: Saving plot_12000.png
Time: 12000 
GnuPlotter: Saving plot_12050.png
GnuPlotter: Saving plot_12100.png
GnuPlotter: Saving plot_12150.png
GnuPlotter: Saving plot_12200.png
GnuPlotter: Saving plot_12250.png
GnuPlotter: Saving plot_12300.png
GnuPlotter: Saving plot_12350.png
GnuPlotter: Saving plot_12400.png
GnuPlotter: Saving plot_12450.png
GnuPlotter: Saving plot_12500.png
Time: 12500 
GnuPlotter: Saving plot_12550.png
GnuPlotter: Saving plot_12600.png
GnuPlotter: Saving plot_12650.png
GnuPlotter: Saving plot_12700.png
GnuPlotter: Saving plot_12750.png
GnuPlotter: Saving plot_12800.png
GnuPlotter: Saving plot_12850.png
GnuPlotter: Saving plot_12900.png
GnuPlotter: Saving plot_12950.png
GnuPlotter: Saving plot_13000.png
Time: 13000 
GnuPlotter: Saving plot_13050.png
GnuPlotter: Saving plot_13100.png
GnuPlotter: Saving plot_13150.png
GnuPlotter: Saving plot_13200.png
GnuPlotter: Saving plot_13250.png
GnuPlotter: Saving plot_13300.png
GnuPlotter: Saving plot_13350.png
GnuPlotter: Saving plot_13400.png
GnuPlotter: Saving plot_13450.png
GnuPlotter: Saving plot_13500.png
Time: 13500 
GnuPlotter: Saving plot_13550.png
GnuPlotter: Saving plot_13600.png
GnuPlotter: Saving plot_13650.png
GnuPlotter: Saving plot_13700.png
GnuPlotter: Saving plot_13750.png
GnuPlotter: Saving plot_13800.png
GnuPlotter: Saving plot_13850.png
GnuPlotter: Saving plot_13900.png
GnuPlotter: Saving plot_13950.png
GnuPlotter: Saving plot_14000.png
Time: 14000 
GnuPlotter: Saving plot_14050.png
GnuPlotter: Saving plot_14100.png
GnuPlotter: Saving plot_14150.png
GnuPlotter: Saving plot_14200.png
GnuPlotter: Saving plot_14250.png
GnuPlotter: Saving plot_14300.png
GnuPlotter: Saving plot_14350.png
GnuPlotter: Saving plot_14400.png
GnuPlotter: Saving plot_14450.png
GnuPlotter: Saving plot_14500.png
Time: 14500 
GnuPlotter: Saving plot_14550.png
GnuPlotter: Saving plot_14600.png
GnuPlotter: Saving plot_14650.png
GnuPlotter: Saving plot_14700.png
GnuPlotter: Saving plot_14750.png
GnuPlotter: Saving plot_14800.png
GnuPlotter: Saving plot_14850.png
GnuPlotter: Saving plot_14900.png
GnuPlotter: Saving plot_14950.png
GnuPlotter: Saving plot_15000.png
Time: 15000 
GnuPlotter: Saving plot_15050.png
GnuPlotter: Saving plot_15100.png
GnuPlotter: Saving plot_15150.png
GnuPlotter: Saving plot_15200.png
GnuPlotter: Saving plot_15250.png
GnuPlotter: Saving plot_15300.png
GnuPlotter: Saving plot_15350.png
GnuPlotter: Saving plot_15400.png
GnuPlotter: Saving plot_15450.png
GnuPlotter: Saving plot_15500.png
Time: 15500 
GnuPlotter: Saving plot_15550.png
GnuPlotter: Saving plot_15600.png
GnuPlotter: Saving plot_15650.png
GnuPlotter: Saving plot_15700.png
GnuPlotter: Saving plot_15750.png
GnuPlotter: Saving plot_15800.png
GnuPlotter: Saving plot_15850.png
GnuPlotter: Saving plot_15900.png
GnuPlotter: Saving plot_15950.png
GnuPlotter: Saving plot_16000.png
Time: 16000 
GnuPlotter: Saving plot_16050.png
GnuPlotter: Saving plot_16100.png
GnuPlotter: Saving plot_16150.png
GnuPlotter: Saving plot_16200.png
GnuPlotter: Saving plot_16250.png
GnuPlotter: Saving plot_16300.png
GnuPlotter: Saving plot_16350.png
GnuPlotter: Saving plot_16400.png
GnuPlotter: Saving plot_16450.png
GnuPlotter: Saving plot_16500.png
Time: 16500 
GnuPlotter: Saving plot_16550.png
GnuPlotter: Saving plot_16600.png
GnuPlotter: Saving plot_16650.png
GnuPlotter: Saving plot_16700.png
GnuPlotter: Saving plot_16750.png
GnuPlotter: Saving plot_16800.png
GnuPlotter: Saving plot_16850.png
GnuPlotter: Saving plot_16900.png
GnuPlotter: Saving plot_16950.png
GnuPlotter: Saving plot_17000.png
Time: 17000 
GnuPlotter: Saving plot_17050.png
GnuPlotter: Saving plot_17100.png
GnuPlotter: Saving plot_17150.png
GnuPlotter: Saving plot_17200.png
GnuPlotter: Saving plot_17250.png
GnuPlotter: Saving plot_17300.png
GnuPlotter: Saving plot_17350.png
GnuPlotter: Saving plot_17400.png
GnuPlotter: Saving plot_17450.png
GnuPlotter: Saving plot_17500.png
Time: 17500 
GnuPlotter: Saving plot_17550.png
GnuPlotter: Saving plot_17600.png
GnuPlotter: Saving plot_17650.png
GnuPlotter: Saving plot_17700.png
GnuPlotter: Saving plot_17750.png
GnuPlotter: Saving plot_17800.png
GnuPlotter: Saving plot_17850.png
GnuPlotter: Saving plot_17900.png
GnuPlotter: Saving plot_17950.png
GnuPlotter: Saving plot_18000.png
Time: 18000 
GnuPlotter: Saving plot_18050.png
GnuPlotter: Saving plot_18100.png
GnuPlotter: Saving plot_18150.png
GnuPlotter: Saving plot_18200.png
GnuPlotter: Saving plot_18250.png
GnuPlotter: Saving plot_18300.png
GnuPlotter: Saving plot_18350.png
GnuPlotter: Saving plot_18400.png
GnuPlotter: Saving plot_18450.png
GnuPlotter: Saving plot_18500.png
Time: 18500 
GnuPlotter: Saving plot_18550.png
GnuPlotter: Saving plot_18600.png
GnuPlotter: Saving plot_18650.png
GnuPlotter: Saving plot_18700.png
GnuPlotter: Saving plot_18750.png
GnuPlotter: Saving plot_18800.png
GnuPlotter: Saving plot_18850.png
GnuPlotter: Saving plot_18900.png
GnuPlotter: Saving plot_18950.png
GnuPlotter: Saving plot_19000.png
Time: 19000 
GnuPlotter: Saving plot_19050.png
GnuPlotter: Saving plot_19100.png
GnuPlotter: Saving plot_19150.png
GnuPlotter: Saving plot_19200.png
GnuPlotter: Saving plot_19250.png
GnuPlotter: Saving plot_19300.png
GnuPlotter: Saving plot_19350.png
GnuPlotter: Saving plot_19400.png
GnuPlotter: Saving plot_19450.png
GnuPlotter: Saving plot_19500.png
Time: 19500 
GnuPlotter: Saving plot_19550.png
GnuPlotter: Saving plot_19600.png
GnuPlotter: Saving plot_19650.png
GnuPlotter: Saving plot_19700.png
GnuPlotter: Saving plot_19750.png
GnuPlotter: Saving plot_19800.png
GnuPlotter: Saving plot_19850.png
GnuPlotter: Saving plot_19900.png
GnuPlotter: Saving plot_19950.png
GnuPlotter: Saving plot_20000.png
Time: 20000 
GnuPlotter: Saving plot_20050.png
GnuPlotter: Saving plot_20100.png
GnuPlotter: Saving plot_20150.png
GnuPlotter: Saving plot_20200.png
GnuPlotter: Saving plot_20250.png
GnuPlotter: Saving plot_20300.png
GnuPlotter: Saving plot_20350.png
GnuPlotter: Saving plot_20400.png
GnuPlotter: Saving plot_20450.png
GnuPlotter: Saving plot_20500.png
Time: 20500 
GnuPlotter: Saving plot_20550.png
GnuPlotter: Saving plot_20600.png
GnuPlotter: Saving plot_20650.png
GnuPlotter: Saving plot_20700.png
GnuPlotter: Saving plot_20750.png
GnuPlotter: Saving plot_20800.png
GnuPlotter: Saving plot_20850.png
GnuPlotter: Saving plot_20900.png
GnuPlotter: Saving plot_20950.png
GnuPlotter: Saving plot_21000.png
Time: 21000 
GnuPlotter: Saving plot_21050.png
GnuPlotter: Saving plot_21100.png
GnuPlotter: Saving plot_21150.png
GnuPlotter: Saving plot_21200.png
GnuPlotter: Saving plot_21250.png
GnuPlotter: Saving plot_21300.png
GnuPlotter: Saving plot_21350.png
GnuPlotter: Saving plot_21400.png
GnuPlotter: Saving plot_21450.png
GnuPlotter: Saving plot_21500.png
Time: 21500 
GnuPlotter: Saving plot_21550.png
GnuPlotter: Saving plot_21600.png
GnuPlotter: Saving plot_21650.png
GnuPlotter: Saving plot_21700.png
GnuPlotter: Saving plot_21750.png
GnuPlotter: Saving plot_21800.png
GnuPlotter: Saving plot_21850.png
GnuPlotter: Saving plot_21900.png
GnuPlotter: Saving plot_21950.png
GnuPlotter: Saving plot_22000.png
Time: 22000 
GnuPlotter: Saving plot_22050.png
GnuPlotter: Saving plot_22100.png
GnuPlotter: Saving plot_22150.png
GnuPlotter: Saving plot_22200.png
GnuPlotter: Saving plot_22250.png
GnuPlotter: Saving plot_22300.png
GnuPlotter: Saving plot_22350.png
GnuPlotter: Saving plot_22400.png
GnuPlotter: Saving plot_22450.png
GnuPlotter: Saving plot_22500.png
Time: 22500 
GnuPlotter: Saving plot_22550.png
GnuPlotter: Saving plot_22600.png
GnuPlotter: Saving plot_22650.png
GnuPlotter: Saving plot_22700.png
GnuPlotter: Saving plot_22750.png
GnuPlotter: Saving plot_22800.png
GnuPlotter: Saving plot_22850.png
GnuPlotter: Saving plot_22900.png
GnuPlotter: Saving plot_22950.png
GnuPlotter: Saving plot_23000.png
Time: 23000 
GnuPlotter: Saving plot_23050.png
GnuPlotter: Saving plot_23100.png
GnuPlotter: Saving plot_23150.png
GnuPlotter: Saving plot_23200.png
GnuPlotter: Saving plot_23250.png
GnuPlotter: Saving plot_23300.png
GnuPlotter: Saving plot_23350.png
GnuPlotter: Saving plot_23400.png
GnuPlotter: Saving plot_23450.png
GnuPlotter: Saving plot_23500.png
Time: 23500 
GnuPlotter: Saving plot_23550.png
GnuPlotter: Saving plot_23600.png
GnuPlotter: Saving plot_23650.png
GnuPlotter: Saving plot_23700.png
GnuPlotter: Saving plot_23750.png
GnuPlotter: Saving plot_23800.png
GnuPlotter: Saving plot_23850.png
GnuPlotter: Saving plot_23900.png
GnuPlotter: Saving plot_23950.png
GnuPlotter: Saving plot_24000.png
Time: 24000 
GnuPlotter: Saving plot_24050.png
GnuPlotter: Saving plot_24100.png
GnuPlotter: Saving plot_24150.png
GnuPlotter: Saving plot_24200.png
GnuPlotter: Saving plot_24250.png
GnuPlotter: Saving plot_24300.png
GnuPlotter: Saving plot_24350.png
GnuPlotter: Saving plot_24400.png
GnuPlotter: Saving plot_24450.png
GnuPlotter: Saving plot_24500.png
Time: 24500 
GnuPlotter: Saving plot_24550.png
GnuPlotter: Saving plot_24600.png
GnuPlotter: Saving plot_24650.png
GnuPlotter: Saving plot_24700.png
GnuPlotter: Saving plot_24750.png
GnuPlotter: Saving plot_24800.png
GnuPlotter: Saving plot_24850.png
GnuPlotter: Saving plot_24900.png
GnuPlotter: Saving plot_24950.png
GnuPlotter: Saving plot_25000.png
Time: 25000 
GnuPlotter: Saving plot_25050.png
GnuPlotter: Saving plot_25100.png
GnuPlotter: Saving plot_25150.png
GnuPlotter: Saving plot_25200.png
GnuPlotter: Saving plot_25250.png
GnuPlotter: Saving plot_25300.png
GnuPlotter: Saving plot_25350.png
GnuPlotter: Saving plot_25400.png
GnuPlotter: Saving plot_25450.png
GnuPlotter: Saving plot_25500.png
Time: 25500 
GnuPlotter: Saving plot_25550.png
GnuPlotter: Saving plot_25600.png
GnuPlotter: Saving plot_25650.png
GnuPlotter: Saving plot_25700.png
GnuPlotter: Saving plot_25750.png
GnuPlotter: Saving plot_25800.png
GnuPlotter: Saving plot_25850.png
GnuPlotter: Saving plot_25900.png
GnuPlotter: Saving plot_25950.png
GnuPlotter: Saving plot_26000.png
Time: 26000 
GnuPlotter: Saving plot_26050.png
GnuPlotter: Saving plot_26100.png
GnuPlotter: Saving plot_26150.png
GnuPlotter: Saving plot_26200.png
GnuPlotter: Saving plot_26250.png
GnuPlotter: Saving plot_26300.png
GnuPlotter: Saving plot_26350.png
GnuPlotter: Saving plot_26400.png
GnuPlotter: Saving plot_26450.png
GnuPlotter: Saving plot_26500.png
Time: 26500 
GnuPlotter: Saving plot_26550.png
GnuPlotter: Saving plot_26600.png
GnuPlotter: Saving plot_26650.png
GnuPlotter: Saving plot_26700.png
GnuPlotter: Saving plot_26750.png
GnuPlotter: Saving plot_26800.png
GnuPlotter: Saving plot_26850.png
GnuPlotter: Saving plot_26900.png
GnuPlotter: Saving plot_26950.png
GnuPlotter: Saving plot_27000.png
Time: 27000 
GnuPlotter: Saving plot_27050.png
GnuPlotter: Saving plot_27100.png
GnuPlotter: Saving plot_27150.png
GnuPlotter: Saving plot_27200.png
GnuPlotter: Saving plot_27250.png
GnuPlotter: Saving plot_27300.png
GnuPlotter: Saving plot_27350.png
GnuPlotter: Saving plot_27400.png
GnuPlotter: Saving plot_27450.png
GnuPlotter: Saving plot_27500.png
Time: 27500 
GnuPlotter: Saving plot_27550.png
GnuPlotter: Saving plot_27600.png
GnuPlotter: Saving plot_27650.png
GnuPlotter: Saving plot_27700.png
GnuPlotter: Saving plot_27750.png
GnuPlotter: Saving plot_27800.png
GnuPlotter: Saving plot_27850.png
GnuPlotter: Saving plot_27900.png
GnuPlotter: Saving plot_27950.png
GnuPlotter: Saving plot_28000.png
Time: 28000 
GnuPlotter: Saving plot_28050.png
GnuPlotter: Saving plot_28100.png
GnuPlotter: Saving plot_28150.png
GnuPlotter: Saving plot_28200.png
GnuPlotter: Saving plot_28250.png
GnuPlotter: Saving plot_28300.png
GnuPlotter: Saving plot_28350.png
GnuPlotter: Saving plot_28400.png
