Initializing from file model.xml
AutoFix: Moved 2 element(s)  matching /MorpheusModel/Global/System/DiffEqn/Expression to /MorpheusModel/Global/System/DiffEqn/Reaction
AutoFix: Moved 1 element(s)  matching /MorpheusModel/Global/Field[(@symbol)]/Diffusion[@rate!=~0(?:\.0+)?]/@rate to /MorpheusModel/Global/System/DiffEqn[@symbol-ref=%1]/Diffusion/@text
AutoFix: Moved 2 element(s)  matching /MorpheusModel/Global/Field[(@symbol)]/Diffusion to 
Applied 5 patches to update MorpheusML version to internal v5!
Time/RandomSeed not specified, using arbitray seed (based on time).
Intitalize Thread 0 with seed 1765890922
Intitalize Thread 3 with seed Intitalize Thread 1 with seed 2797759134
Intitalize Thread 42220113299
Intitalize Thread 2 with seed  with seed 3347761401
720365178
Registering Symbol time of linktype TimeLink in Scope root
Time/RandomSeed not specified, using arbitray seed (based on time).
Intitalize Thread 4 with seed 3347761401
Intitalize Thread 3 with seed Intitalize Thread 0 with seed 1765890922
2797759134
Intitalize Thread 2 with seed 720365178
Intitalize Thread 1 with seed 2220113299
Registering Symbol space of linktype LocationLink in Scope root
Registering Symbol space.x of linktype VectorComponentLink in Scope root
Registering Symbol space.y of linktype VectorComponentLink in Scope root
Registering Symbol space.z of linktype VectorComponentLink in Scope root
Registering Symbol space.phi of linktype VectorComponentLink in Scope root
Registering Symbol space.theta of linktype VectorComponentLink in Scope root
Registering Symbol space.abs of linktype VectorComponentLink in Scope root
Creating lattice
getXMLAttribute: seeking for Lattice->class: square
getXMLAttribute: seeking for Size->value: 200.0, 200.0, 1.0
getXMLAttribute: seeking for Size->symbol: size
Loading [7] Global Plugins
getXMLAttribute: seeking for Field->symbol: u
Registering Symbol u of linktype FieldLink in Scope root
getXMLAttribute: seeking for Field->symbol: v
Registering Symbol v of linktype FieldLink in Scope root
Creating subscope System in scope root
getXMLAttribute: seeking for System->solver: Dormand-Prince [adaptive, O(5)]
getXMLAttribute: seeking for System->solver-eps .. not found
getXMLAttribute: seeking for DiffEqn->symbol-ref: u
getXMLAttribute: seeking for Reaction->text: -k_on*u*m+k_off*v-decay*u
getXMLAttribute: seeking for Advection->text .. not found
getXMLAttribute: seeking for Diffusion->text: 0.1
getXMLAttribute: seeking for Diffusion->well-mixed .. not found
getXMLAttribute: seeking for DiffEqn->symbol-ref: v
getXMLAttribute: seeking for Reaction->text: k_on * u  * m - k_off * v
getXMLAttribute: seeking for Advection->text .. not found
getXMLAttribute: seeking for Diffusion->text .. not found
getXMLAttribute: seeking for Diffusion->well-mixed .. not found
getXMLAttribute: seeking for Constant->name .. not found
getXMLAttribute: seeking for Constant->symbol: k_off
getXMLAttribute: seeking for Constant->value: 0.1 
getXMLAttribute: seeking for Constant->notation .. not found
Registering Symbol k_off of linktype ConstantLink in Scope root
getXMLAttribute: seeking for Constant->name .. not found
getXMLAttribute: seeking for Constant->symbol: decay
getXMLAttribute: seeking for Constant->value: 0.05
getXMLAttribute: seeking for Constant->notation .. not found
Registering Symbol decay of linktype ConstantLink in Scope root
getXMLAttribute: seeking for Constant->name .. not found
getXMLAttribute: seeking for Constant->symbol: k_on
getXMLAttribute: seeking for Constant->value: 1.0
getXMLAttribute: seeking for Constant->notation .. not found
Registering Symbol k_on of linktype ConstantLink in Scope root
getXMLAttribute: seeking for Field->symbol: m
Registering Symbol m of linktype FieldLink in Scope root
Creating subscope CellType[Endothelial] in scope root
Registering Symbol cell.type of linktype PrimitiveConstant in Scope CellType[Endothelial]
Registering Symbol cell.type of linktype CompositeLink in Scope root
Registering Symbol cell.id of linktype CellIDLink in Scope CellType[Endothelial]
Registering Symbol cell.id of linktype CompositeLink in Scope root
Registering Symbol cell.center of linktype CellCenterLink in Scope CellType[Endothelial]
Registering Symbol cell.center of linktype CompositeLink in Scope root
Registering Symbol cell.center.x of linktype VectorComponentLink in Scope root
Registering Symbol cell.center.y of linktype VectorComponentLink in Scope root
Registering Symbol cell.center.z of linktype VectorComponentLink in Scope root
Registering Symbol cell.center.phi of linktype VectorComponentLink in Scope root
Registering Symbol cell.center.theta of linktype VectorComponentLink in Scope root
Registering Symbol cell.center.abs of linktype VectorComponentLink in Scope root
Registering Symbol cell.center.x of linktype VectorComponentLink in Scope CellType[Endothelial]
Registering Symbol cell.center.y of linktype VectorComponentLink in Scope CellType[Endothelial]
Registering Symbol cell.center.z of linktype VectorComponentLink in Scope CellType[Endothelial]
Registering Symbol cell.center.phi of linktype VectorComponentLink in Scope CellType[Endothelial]
Registering Symbol cell.center.theta of linktype VectorComponentLink in Scope CellType[Endothelial]
Registering Symbol cell.center.abs of linktype VectorComponentLink in Scope CellType[Endothelial]
Registering Symbol cell.volume of linktype CellVolumeLink in Scope CellType[Endothelial]
Registering Symbol cell.volume of linktype CompositeLink in Scope root
Registering Symbol celltype.Endothelial.id of linktype PrimitiveConstant in Scope root
Registering Symbol celltype.Endothelial.size of linktype CellPopulationSizeLink in Scope root
getXMLAttribute: seeking for VolumeConstraint->target: 50
getXMLAttribute: seeking for VolumeConstraint->strength: 20
getXMLAttribute: seeking for LengthConstraint->mode: length
getXMLAttribute: seeking for LengthConstraint->target: 30
getXMLAttribute: seeking for LengthConstraint->strength: 10

Available Plugins: AddCell
AddonAdhesion
Annotation
CPM
CSVReader
CellDeath
CellDivision
CellTracker
ChangeCellType
Chemotaxis
ClusteringTracker
ConnectivityConstraint
Constant
ConstantVector
ContactLogger
DelayProperty
DelayVariable
DependencyGraph
DiffEqn
DirectedMotion
DiscreteSystem
DisplacementTracker
Equation
Event
External
Field
FreezeMotion
Function
Gnuplotter
Haptotaxis
HeterophilicAdhesion
HistogramLogger
HomophilicAdhesion
InitCellLattice
InitCellObjects
InitCircle
InitDistribute
InitHexLattice
InitPoissonDisc
InitRectangle
InitVoronoi
InsertMedium
InterfaceConstraint
Lattice
LengthConstraint
Logger
Mapper
MechanicalLink
MembraneProperty
ModelGraph
MotilityReporter
NeighborhoodReporter
NeighborhoodVectorReporter
PersistentMotion
Property
PropertyVector
Protrusion
Rule
StarConvex
SurfaceConstraint
System
TIFFReader
TiffPlotter
Variable
VariableVector
VectorEquation
VectorField
VectorFunction
VectorMapper
VectorRule
VolumeConstraint
VtkPlotter
