Initializing from file model.xml
Applied 0 patches to update MorpheusML version to internal v5!
Time/RandomSeed not specified, using arbitray seed (based on time).
Intitalize Thread 0 with seed 1766768624
Intitalize Thread 1 with seed 421388416
Intitalize Thread 2 with seed 560286922
Intitalize Thread 3 with seed 1280805713
Intitalize Thread 4 with seed 312990507
Registering Symbol time of linktype TimeLink in Scope root
Time/RandomSeed not specified, using arbitray seed (based on time).
Intitalize Thread 0 with seed 1766768624
Intitalize Thread 4 with seed 312990507
Intitalize Thread 3 with seed 1280805713
Intitalize Thread 2 with seed 560286922
Intitalize Thread 1 with seed 421388416
Registering Symbol space of linktype LocationLink in Scope root
Registering Symbol space.x of linktype VectorComponentLink in Scope root
Registering Symbol space.y of linktype VectorComponentLink in Scope root
Registering Symbol space.z of linktype VectorComponentLink in Scope root
Registering Symbol space.phi of linktype VectorComponentLink in Scope root
Registering Symbol space.theta of linktype VectorComponentLink in Scope root
Registering Symbol space.abs of linktype VectorComponentLink in Scope root
Creating lattice
getXMLAttribute: seeking for Lattice->class: linear
getXMLAttribute: seeking for Size->value: 0.0, 0.0, 0.0
getXMLAttribute: seeking for Size->symbol: size
Registering Symbol size of linktype PrimitiveConstant in Scope root
Registering Symbol size.x of linktype VectorComponentLink in Scope root
Registering Symbol size.y of linktype VectorComponentLink in Scope root
Registering Symbol size.z of linktype VectorComponentLink in Scope root
Registering Symbol size.phi of linktype VectorComponentLink in Scope root
Registering Symbol size.theta of linktype VectorComponentLink in Scope root
Registering Symbol size.abs of linktype VectorComponentLink in Scope root
Looking for neighborhood optimal
